<?xml version="1.0" encoding="UTF-8"?>
<!-- Generated by org.testng.reporters.JUnitXMLReporter -->
<testsuite hostname="LAPTOP-57BSH6H6" ignored="0" name="Test02" tests="3" failures="0" timestamp="2022-03-26T05:19:19 IST" time="0.044" errors="0">
  <testcase name="test04" time="0.008" classname="test0001.parallelTesting2"/>
  <testcase name="test05" time="0.008" classname="test0001.parallelTesting2"/>
  <testcase name="test06" time="0.0" classname="test0001.parallelTesting2"/>
</testsuite> <!-- Test02 -->
