<?xml version="1.0" encoding="UTF-8"?>
<!-- Generated by org.testng.reporters.JUnitXMLReporter -->
<testsuite hostname="LAPTOP-57BSH6H6" ignored="2" name="Car Loan Department" tests="1" failures="0" timestamp="2021-07-21T07:27:18 IST" time="0.002" errors="0">
  <testcase name="testNGTC0006" time="0.0" classname="testNG.testNG0003"/>
  <testcase name="testNGTC005" time="0.0" classname="testNG.testNG0003">
    <ignored/>
  </testcase> <!-- testNGTC005 -->
  <testcase name="testNGTC004" time="0.0" classname="testNG.testNG0003">
    <ignored/>
  </testcase> <!-- testNGTC004 -->
</testsuite> <!-- Car Loan Department -->
