<?xml version="1.0" encoding="UTF-8"?>
<!-- Generated by org.testng.reporters.JUnitXMLReporter -->
<testsuite hostname="LAPTOP-57BSH6H6" ignored="0" name="Personal Loan Department" tests="3" failures="0" timestamp="2021-07-21T07:27:18 IST" time="0.03" errors="0">
  <testcase name="testNGprog03" time="0.005" classname="testNG.testng0002"/>
  <testcase name="testNGtc01" time="0.0" classname="testNG.testNG001"/>
  <testcase name="testNGtc02" time="0.001" classname="testNG.testNG001"/>
</testsuite> <!-- Personal Loan Department -->
