<?xml version="1.0" encoding="UTF-8"?>
<!-- Generated by org.testng.reporters.JUnitXMLReporter -->
<testsuite hostname="LAPTOP-57BSH6H6" ignored="0" name="GoogleTest" tests="19" failures="0" timestamp="2021-06-12T18:14:34 IST" time="23.007" errors="0">
  <testcase name="SumoftwoNum" time="0.003" classname="TestNG.InvocationCount"/>
  <testcase name="SumoftwoNum" time="0.001" classname="TestNG.InvocationCount"/>
  <testcase name="SumoftwoNum" time="0.001" classname="TestNG.InvocationCount"/>
  <testcase name="SumoftwoNum" time="0.0" classname="TestNG.InvocationCount"/>
  <testcase name="SumoftwoNum" time="0.0" classname="TestNG.InvocationCount"/>
  <testcase name="SumoftwoNum" time="0.001" classname="TestNG.InvocationCount"/>
  <testcase name="SumoftwoNum" time="0.001" classname="TestNG.InvocationCount"/>
  <testcase name="SumoftwoNum" time="0.0" classname="TestNG.InvocationCount"/>
  <testcase name="SumoftwoNum" time="0.001" classname="TestNG.InvocationCount"/>
  <testcase name="SumoftwoNum" time="0.001" classname="TestNG.InvocationCount"/>
  <testcase name="getTitleofGoogle" time="0.004" classname="TestNG.TestgnFirstProg01"/>
  <testcase name="VerifyGoogelImage" time="0.03" classname="TestNG.TestgnFirstProg01"/>
  <testcase name="VerifyTextEmail" time="0.026" classname="TestNG.TestgnFirstProg01"/>
  <testcase name="VerifyGoogleSearch" time="0.031" classname="TestNG.TestgnFirstProg01"/>
  <testcase name="VerifytextinGooglehomepage" time="0.026" classname="TestNG.TestgnFirstProg01"/>
  <testcase name="VerifyKannadaText" time="0.025" classname="TestNG.TestgnFirstProg01"/>
  <testcase name="EmailTextTest" time="0.001" classname="TestNG.TestNGBasics"/>
  <testcase name="GoogleImageTest" time="0.001" classname="TestNG.TestNGBasics"/>
  <testcase name="GoogleTextTest" time="0.0" classname="TestNG.TestNGBasics"/>
</testsuite> <!-- GoogleTest -->
