<?xml version="1.0" encoding="UTF-8"?>
<testng-results skipped="0" failed="0" ignored="0" total="1" passed="1">
  <reporter-output>
  </reporter-output>
  <suite name="Default suite" duration-ms="20382" started-at="2022-04-15T20:21:38 IST" finished-at="2022-04-15T20:21:59 IST">
    <groups>
    </groups>
    <test name="Default test" duration-ms="20382" started-at="2022-04-15T20:21:38 IST" finished-at="2022-04-15T20:21:59 IST">
      <class name="javaScriptExecutor.javaScriptExecuterscroll">
        <test-method status="PASS" signature="scroll()[pri:0, instance:javaScriptExecutor.javaScriptExecuterscroll@76b0bfab]" name="scroll" duration-ms="20360" started-at="2022-04-15T20:21:38 IST" finished-at="2022-04-15T20:21:59 IST">
          <reporter-output>
          </reporter-output>
        </test-method> <!-- scroll -->
      </class> <!-- javaScriptExecutor.javaScriptExecuterscroll -->
    </test> <!-- Default test -->
  </suite> <!-- Default suite -->
</testng-results>
